<?xml version="1.0" encoding="UTF-8"?>
<testng-results skipped="0" failed="0" ignored="0" total="2" passed="2">
  <reporter-output>
    <line>
      <![CDATA[Sorry chrome name is not supported Running test in default browser]]>
    </line>
    <line>
      <![CDATA[Sorry chrome name is not supported Running test in default browser]]>
    </line>
  </reporter-output>
  <suite name="Suite" duration-ms="26772" started-at="2023-02-21T20:20:22 IST" finished-at="2023-02-21T20:20:49 IST">
    <groups>
    </groups>
    <test name="Test" duration-ms="26772" started-at="2023-02-21T20:20:22 IST" finished-at="2023-02-21T20:20:49 IST">
      <class name="testcases.LoginTest">
        <test-method status="PASS" signature="setupBrowser()[pri:0, instance:testcases.LoginTest@ef9296d]" name="setupBrowser" is-config="true" duration-ms="12424" started-at="2023-02-21T20:20:24 IST" finished-at="2023-02-21T20:20:37 IST">
          <reporter-output>
            <line>
              <![CDATA[Sorry chrome name is not supported Running test in default browser]]>
            </line>
          </reporter-output>
        </test-method> <!-- setupBrowser -->
        <test-method status="PASS" signature="LoginToApplication(java.lang.String,java.lang.String)[pri:0, instance:testcases.LoginTest@ef9296d]" name="LoginToApplication" duration-ms="1240" started-at="2023-02-21T20:20:37 IST" data-provider="LoginDetails" finished-at="2023-02-21T20:20:38 IST">
          <params>
            <param index="0">
              <value>
                <![CDATA[ineuron@ineuron.ai]]>
              </value>
            </param>
            <param index="1">
              <value>
                <![CDATA[ineuron]]>
              </value>
            </param>
          </params>
          <reporter-output>
          </reporter-output>
        </test-method> <!-- LoginToApplication -->
        <test-method status="PASS" signature="CloseBrowser()[pri:0, instance:testcases.LoginTest@ef9296d]" name="CloseBrowser" is-config="true" duration-ms="1733" started-at="2023-02-21T20:20:38 IST" finished-at="2023-02-21T20:20:40 IST">
          <reporter-output>
          </reporter-output>
        </test-method> <!-- CloseBrowser -->
        <test-method status="PASS" signature="setupBrowser()[pri:0, instance:testcases.LoginTest@ef9296d]" name="setupBrowser" is-config="true" duration-ms="4799" started-at="2023-02-21T20:20:40 IST" finished-at="2023-02-21T20:20:45 IST">
          <reporter-output>
            <line>
              <![CDATA[Sorry chrome name is not supported Running test in default browser]]>
            </line>
          </reporter-output>
        </test-method> <!-- setupBrowser -->
        <test-method status="PASS" signature="LoginToApplication(java.lang.String,java.lang.String)[pri:0, instance:testcases.LoginTest@ef9296d]" name="LoginToApplication" duration-ms="1217" started-at="2023-02-21T20:20:45 IST" data-provider="LoginDetails" finished-at="2023-02-21T20:20:46 IST">
          <params>
            <param index="0">
              <value>
                <![CDATA[test1@test1.com]]>
              </value>
            </param>
            <param index="1">
              <value>
                <![CDATA[selenium]]>
              </value>
            </param>
          </params>
          <reporter-output>
          </reporter-output>
        </test-method> <!-- LoginToApplication -->
        <test-method status="PASS" signature="CloseBrowser()[pri:0, instance:testcases.LoginTest@ef9296d]" name="CloseBrowser" is-config="true" duration-ms="1908" started-at="2023-02-21T20:20:47 IST" finished-at="2023-02-21T20:20:49 IST">
          <reporter-output>
          </reporter-output>
        </test-method> <!-- CloseBrowser -->
      </class> <!-- testcases.LoginTest -->
    </test> <!-- Test -->
  </suite> <!-- Suite -->
</testng-results>
